2018-07-19 14:39:49 下午 [Thread: main][ Class:testsuits.Test_T4_login >> Method: testsuits.Test_T4_login.beforeClass(Test_T4_login.java:29) ]
INFO: ======== open chrome ======== 
2018-07-19 14:40:16 下午 [Thread: main][ Class:testsuits.Test_T4_login >> Method: testsuits.Test_T4_login.Login_MasterUser(Test_T4_login.java:43) ]
INFO:Login_MasterUser
2018-07-19 14:46:37 下午 [Thread: main][ Class:testsuits.Test_T4_login >> Method: testsuits.Test_T4_login.beforeClass(Test_T4_login.java:29) ]
INFO: ================ open chrome ================ 
2018-07-19 14:46:46 下午 [Thread: main][ Class:testsuits.Test_T4_login >> Method: testsuits.Test_T4_login.beforeMethod(Test_T4_login.java:34) ]
INFO: ================ init T4_login_page.class ================ 
2018-07-19 14:46:56 下午 [Thread: main][ Class:testsuits.Test_T4_login >> Method: testsuits.Test_T4_login.Login_BasicUser(Test_T4_login.java:53) ]
INFO: ================ Login_BasicUser ================ 
2018-07-19 14:46:58 下午 [Thread: main][ Class:testsuits.Test_T4_login >> Method: testsuits.Test_T4_login.beforeMethod(Test_T4_login.java:34) ]
INFO: ================ init T4_login_page.class ================ 
2018-07-19 14:47:04 下午 [Thread: main][ Class:testsuits.Test_T4_login >> Method: testsuits.Test_T4_login.Login_ClientHighUser(Test_T4_login.java:62) ]
INFO: ================ Login_ClientHighUser ================ 
2018-07-19 14:47:06 下午 [Thread: main][ Class:testsuits.Test_T4_login >> Method: testsuits.Test_T4_login.beforeMethod(Test_T4_login.java:34) ]
INFO: ================ init T4_login_page.class ================ 
2018-07-19 14:47:13 下午 [Thread: main][ Class:testsuits.Test_T4_login >> Method: testsuits.Test_T4_login.Login_MasterUser(Test_T4_login.java:44) ]
INFO: ================ Login_MasterUser ================ 
2018-07-19 14:47:15 下午 [Thread: main][ Class:testsuits.Test_T4_login >> Method: testsuits.Test_T4_login.beforeMethod(Test_T4_login.java:34) ]
INFO: ================ init T4_login_page.class ================ 
2018-07-19 14:47:17 下午 [Thread: main][ Class:testsuits.Test_T4_login >> Method: testsuits.Test_T4_login.Login_incorrect_PWD(Test_T4_login.java:69) ]
INFO: ================ Login_incorrect_PWD ================ 
2018-07-19 14:47:19 下午 [Thread: main][ Class:testsuits.Test_T4_login >> Method: testsuits.Test_T4_login.beforeMethod(Test_T4_login.java:34) ]
INFO: ================ init T4_login_page.class ================ 
2018-07-19 14:47:20 下午 [Thread: main][ Class:testsuits.Test_T4_login >> Method: testsuits.Test_T4_login.Login_incorrect_UserName(Test_T4_login.java:76) ]
INFO: ================ Login_incorrect_UserName ================ 
2018-07-19 14:47:24 下午 [Thread: main][ Class:testsuits.Test_T4_login >> Method: testsuits.Test_T4_login.afteClass(Test_T4_login.java:82) ]
INFO: ================ Login_driver.close(); ================ 
2018-07-19 14:52:41 下午 [Thread: main][ Class:testsuits.Test_T4_login >> Method: testsuits.Test_T4_Client_Org_Dashboard.beforeClass(Test_T4_Client_Org_Dashboard.java:30) ]
INFO: ================ Test_T4_Client_Org_Dashboard init ================ 
2018-07-19 14:52:44 下午 [Thread: main][ Class:testsuits.Test_T4_login >> Method: testsuits.Test_T4_Client_Org_Dashboard.VerifyTopAttractions(Test_T4_Client_Org_Dashboard.java:55) ]
INFO: ================ VerifyTopAttractions ================ 
2018-07-19 14:52:52 下午 [Thread: main][ Class:testsuits.Test_T4_login >> Method: testsuits.Test_T4_Client_Org_Dashboard.VerifyTopCustomer(Test_T4_Client_Org_Dashboard.java:83) ]
INFO: ================ VerifyTopCustomer ================ 
2018-07-19 14:53:00 下午 [Thread: main][ Class:testsuits.Test_T4_login >> Method: testsuits.Test_T4_Client_Org_Dashboard.VerifyTopEvents(Test_T4_Client_Org_Dashboard.java:49) ]
INFO: ================ VerifyTopEvents ================ 
2018-07-19 14:53:08 下午 [Thread: main][ Class:testsuits.Test_T4_login >> Method: testsuits.Test_T4_Client_Org_Dashboard.VerifyTopHome(Test_T4_Client_Org_Dashboard.java:43) ]
INFO: ================ VerifyTopHome ================ 
2018-07-19 14:53:15 下午 [Thread: main][ Class:testsuits.Test_T4_login >> Method: testsuits.Test_T4_Client_Org_Dashboard.VerifyTopItems(Test_T4_Client_Org_Dashboard.java:67) ]
INFO: ================ VerifyTopItems ================ 
2018-07-19 14:53:22 下午 [Thread: main][ Class:testsuits.Test_T4_login >> Method: testsuits.Test_T4_Client_Org_Dashboard.VerifyTopMarketing(Test_T4_Client_Org_Dashboard.java:61) ]
INFO: ================ VerifyTopMarketing ================ 
2018-07-19 14:53:30 下午 [Thread: main][ Class:testsuits.Test_T4_login >> Method: testsuits.Test_T4_Client_Org_Dashboard.VerifyTopReports(Test_T4_Client_Org_Dashboard.java:73) ]
INFO: ================ VerifyTopReports ================ 
2018-07-19 14:53:37 下午 [Thread: main][ Class:testsuits.Test_T4_login >> Method: testsuits.Test_T4_Client_Org_Dashboard.VerifyTopSetup(Test_T4_Client_Org_Dashboard.java:89) ]
INFO: ================ VerifyTopSetup ================ 
2018-07-19 14:53:43 下午 [Thread: main][ Class:testsuits.Test_T4_login >> Method: testsuits.Test_T4_Client_Org_Dashboard.afterClass(Test_T4_Client_Org_Dashboard.java:100) ]
INFO: ================ Test_T4_Client_Org_Dashboard over ================ 
2018-07-19 14:53:46 下午 [Thread: main][ Class:testsuits.Test_T4_login >> Method: testsuits.Test_T4_login.beforeClass(Test_T4_login.java:29) ]
INFO: ================ open chrome ================ 
2018-07-19 14:53:49 下午 [Thread: main][ Class:testsuits.Test_T4_login >> Method: testsuits.Test_T4_login.beforeMethod(Test_T4_login.java:34) ]
INFO: ================ init T4_login_page.class ================ 
2018-07-19 14:53:57 下午 [Thread: main][ Class:testsuits.Test_T4_login >> Method: testsuits.Test_T4_login.Login_BasicUser(Test_T4_login.java:53) ]
INFO: ================ Login_BasicUser ================ 
2018-07-19 14:53:59 下午 [Thread: main][ Class:testsuits.Test_T4_login >> Method: testsuits.Test_T4_login.beforeMethod(Test_T4_login.java:34) ]
INFO: ================ init T4_login_page.class ================ 
2018-07-19 14:54:06 下午 [Thread: main][ Class:testsuits.Test_T4_login >> Method: testsuits.Test_T4_login.Login_ClientHighUser(Test_T4_login.java:62) ]
INFO: ================ Login_ClientHighUser ================ 
2018-07-19 14:54:08 下午 [Thread: main][ Class:testsuits.Test_T4_login >> Method: testsuits.Test_T4_login.beforeMethod(Test_T4_login.java:34) ]
INFO: ================ init T4_login_page.class ================ 
2018-07-19 14:54:14 下午 [Thread: main][ Class:testsuits.Test_T4_login >> Method: testsuits.Test_T4_login.Login_MasterUser(Test_T4_login.java:44) ]
INFO: ================ Login_MasterUser ================ 
2018-07-19 14:54:16 下午 [Thread: main][ Class:testsuits.Test_T4_login >> Method: testsuits.Test_T4_login.beforeMethod(Test_T4_login.java:34) ]
INFO: ================ init T4_login_page.class ================ 
2018-07-19 14:54:18 下午 [Thread: main][ Class:testsuits.Test_T4_login >> Method: testsuits.Test_T4_login.Login_incorrect_PWD(Test_T4_login.java:69) ]
INFO: ================ Login_incorrect_PWD ================ 
2018-07-19 14:54:20 下午 [Thread: main][ Class:testsuits.Test_T4_login >> Method: testsuits.Test_T4_login.beforeMethod(Test_T4_login.java:34) ]
INFO: ================ init T4_login_page.class ================ 
2018-07-19 14:54:21 下午 [Thread: main][ Class:testsuits.Test_T4_login >> Method: testsuits.Test_T4_login.Login_incorrect_UserName(Test_T4_login.java:76) ]
INFO: ================ Login_incorrect_UserName ================ 
2018-07-19 14:54:23 下午 [Thread: main][ Class:testsuits.Test_T4_login >> Method: testsuits.Test_T4_login.afteClass(Test_T4_login.java:82) ]
INFO: ================ Login_driver.close(); ================ 
2018-07-19 15:29:06 下午 [Thread: main][ Class:testsuits.Test_T4_login >> Method: testsuits.Test_T4_Client_Org_Dashboard.beforeClass(Test_T4_Client_Org_Dashboard.java:30) ]
INFO: ================ Test_T4_Client_Org_Dashboard init ================ 
2018-07-19 15:29:11 下午 [Thread: main][ Class:testsuits.Test_T4_login >> Method: testsuits.Test_T4_Client_Org_Dashboard.VerifyTopAttractions(Test_T4_Client_Org_Dashboard.java:52) ]
INFO: ================ VerifyTopAttractions ================ 
2018-07-19 15:29:18 下午 [Thread: main][ Class:testsuits.Test_T4_login >> Method: testsuits.Test_T4_Client_Org_Dashboard.VerifyTopCustomer(Test_T4_Client_Org_Dashboard.java:76) ]
INFO: ================ VerifyTopCustomer ================ 
2018-07-19 15:29:27 下午 [Thread: main][ Class:testsuits.Test_T4_login >> Method: testsuits.Test_T4_Client_Org_Dashboard.VerifyTopEvents(Test_T4_Client_Org_Dashboard.java:47) ]
INFO: ================ VerifyTopEvents ================ 
2018-07-19 15:29:35 下午 [Thread: main][ Class:testsuits.Test_T4_login >> Method: testsuits.Test_T4_Client_Org_Dashboard.VerifyTopHome(Test_T4_Client_Org_Dashboard.java:42) ]
INFO: ================ VerifyTopHome ================ 
2018-07-19 15:29:42 下午 [Thread: main][ Class:testsuits.Test_T4_login >> Method: testsuits.Test_T4_Client_Org_Dashboard.VerifyTopItems(Test_T4_Client_Org_Dashboard.java:62) ]
INFO: ================ VerifyTopItems ================ 
2018-07-19 15:29:49 下午 [Thread: main][ Class:testsuits.Test_T4_login >> Method: testsuits.Test_T4_Client_Org_Dashboard.VerifyTopMarketing(Test_T4_Client_Org_Dashboard.java:57) ]
INFO: ================ VerifyTopMarketing ================ 
2018-07-19 15:29:56 下午 [Thread: main][ Class:testsuits.Test_T4_login >> Method: testsuits.Test_T4_Client_Org_Dashboard.VerifyTopReports(Test_T4_Client_Org_Dashboard.java:67) ]
INFO: ================ VerifyTopReports ================ 
2018-07-19 15:30:03 下午 [Thread: main][ Class:testsuits.Test_T4_login >> Method: testsuits.Test_T4_Client_Org_Dashboard.VerifyTopSetup(Test_T4_Client_Org_Dashboard.java:82) ]
INFO: ================ VerifyTopSetup ================ 
2018-07-19 15:30:09 下午 [Thread: main][ Class:testsuits.Test_T4_login >> Method: testsuits.Test_T4_Client_Org_Dashboard.afterClass(Test_T4_Client_Org_Dashboard.java:93) ]
INFO: ================ Test_T4_Client_Org_Dashboard over ================ 
2018-07-19 15:30:12 下午 [Thread: main][ Class:testsuits.Test_T4_login >> Method: testsuits.Test_T4_login.beforeClass(Test_T4_login.java:29) ]
INFO: ================ open chrome ================ 
2018-07-19 15:30:15 下午 [Thread: main][ Class:testsuits.Test_T4_login >> Method: testsuits.Test_T4_login.beforeMethod(Test_T4_login.java:34) ]
INFO: ================ init T4_login_page.class ================ 
2018-07-19 15:30:23 下午 [Thread: main][ Class:testsuits.Test_T4_login >> Method: testsuits.Test_T4_login.Login_BasicUser(Test_T4_login.java:53) ]
INFO: ================ Login_BasicUser ================ 
2018-07-19 15:30:25 下午 [Thread: main][ Class:testsuits.Test_T4_login >> Method: testsuits.Test_T4_login.beforeMethod(Test_T4_login.java:34) ]
INFO: ================ init T4_login_page.class ================ 
2018-07-19 15:30:32 下午 [Thread: main][ Class:testsuits.Test_T4_login >> Method: testsuits.Test_T4_login.Login_ClientHighUser(Test_T4_login.java:62) ]
INFO: ================ Login_ClientHighUser ================ 
2018-07-19 15:30:34 下午 [Thread: main][ Class:testsuits.Test_T4_login >> Method: testsuits.Test_T4_login.beforeMethod(Test_T4_login.java:34) ]
INFO: ================ init T4_login_page.class ================ 
2018-07-19 15:30:40 下午 [Thread: main][ Class:testsuits.Test_T4_login >> Method: testsuits.Test_T4_login.Login_MasterUser(Test_T4_login.java:44) ]
INFO: ================ Login_MasterUser ================ 
2018-07-19 15:30:42 下午 [Thread: main][ Class:testsuits.Test_T4_login >> Method: testsuits.Test_T4_login.beforeMethod(Test_T4_login.java:34) ]
INFO: ================ init T4_login_page.class ================ 
2018-07-19 15:30:43 下午 [Thread: main][ Class:testsuits.Test_T4_login >> Method: testsuits.Test_T4_login.Login_incorrect_PWD(Test_T4_login.java:69) ]
INFO: ================ Login_incorrect_PWD ================ 
2018-07-19 15:30:45 下午 [Thread: main][ Class:testsuits.Test_T4_login >> Method: testsuits.Test_T4_login.beforeMethod(Test_T4_login.java:34) ]
INFO: ================ init T4_login_page.class ================ 
2018-07-19 15:30:47 下午 [Thread: main][ Class:testsuits.Test_T4_login >> Method: testsuits.Test_T4_login.Login_incorrect_UserName(Test_T4_login.java:76) ]
INFO: ================ Login_incorrect_UserName ================ 
2018-07-19 15:30:49 下午 [Thread: main][ Class:testsuits.Test_T4_login >> Method: testsuits.Test_T4_login.afteClass(Test_T4_login.java:82) ]
INFO: ================ Login_driver.close(); ================ 
2018-07-19 15:30:56 下午 [Thread: main][ Class:testsuits.Test_T4_login >> Method: testsuits.Test_T4_Create_Event.beforeClass(Test_T4_Create_Event.java:30) ]
INFO: ================ Test_T4_Client_Org_Dashboard init ================ 
2018-07-19 15:33:54 下午 [Thread: main][ Class:testsuits.Test_T4_login >> Method: testsuits.Test_T4_Create_Event.beforeClass(Test_T4_Create_Event.java:30) ]
INFO: ================ Test_T4_Client_Org_Dashboard init ================ 
2018-07-19 15:35:52 下午 [Thread: main][ Class:testsuits.Test_T4_Create_Event >> Method: testsuits.Test_T4_Create_Event.beforeClass(Test_T4_Create_Event.java:30) ]
INFO: ================ Test_T4_Client_Org_Dashboard login ================ 
2018-07-19 17:02:13 下午 [Thread: main][ Class:testsuits.Test_T4_Create_Event >> Method: testsuits.Test_T4_Create_Event.beforeClass(Test_T4_Create_Event.java:29) ]
INFO: ================ Test_T4 login ================ 
2018-07-19 17:05:36 下午 [Thread: main][ Class:testsuits.Test_T4_Create_Event >> Method: testsuits.Test_T4_Create_Event.beforeClass(Test_T4_Create_Event.java:29) ]
INFO: ================ Test_T4 login ================ 
2018-07-19 17:06:21 下午 [Thread: main][ Class:testsuits.Test_T4_Create_Event >> Method: testsuits.Test_T4_Create_Event.beforeClass(Test_T4_Create_Event.java:29) ]
INFO: ================ Test_T4 login ================ 
2018-07-19 17:10:54 下午 [Thread: main][ Class:testsuits.Test_T4_Create_Event >> Method: testsuits.Test_T4_Create_Event.beforeClass(Test_T4_Create_Event.java:29) ]
INFO: ================ Test_T4 login ================ 
2018-07-19 17:11:02 下午 [Thread: main][ Class:testsuits.Test_T4_Create_Event >> Method: testsuits.Test_T4_Create_Event.beforeMethod(Test_T4_Create_Event.java:35) ]
INFO: ================ T4_event_create_page init ================ 
2018-07-19 17:11:22 下午 [Thread: main][ Class:testsuits.Test_T4_Create_Event >> Method: testsuits.Test_T4_Create_Event.Verify_Simple_Event(Test_T4_Create_Event.java:41) ]
INFO: ================ Verify_Simple_Event ================ 
2018-07-19 17:11:24 下午 [Thread: main][ Class:testsuits.Test_T4_Create_Event >> Method: testsuits.Test_T4_Create_Event.afterClass(Test_T4_Create_Event.java:58) ]
INFO: ================ Test_T4_Create_Event over ================ 
2018-07-19 17:11:55 下午 [Thread: main][ Class:testsuits.Test_T4_Create_Event >> Method: testsuits.Test_T4_Create_Event.beforeClass(Test_T4_Create_Event.java:29) ]
INFO: ================ Test_T4 login ================ 
2018-07-19 17:12:01 下午 [Thread: main][ Class:testsuits.Test_T4_Create_Event >> Method: testsuits.Test_T4_Create_Event.beforeMethod(Test_T4_Create_Event.java:35) ]
INFO: ================ T4_event_create_page init ================ 
2018-07-19 17:12:20 下午 [Thread: main][ Class:testsuits.Test_T4_Create_Event >> Method: testsuits.Test_T4_Create_Event.Verify_Simple_Event(Test_T4_Create_Event.java:41) ]
INFO: ================ Verify_Simple_Event ================ 
2018-07-19 17:12:23 下午 [Thread: main][ Class:testsuits.Test_T4_Create_Event >> Method: testsuits.Test_T4_Create_Event.afterClass(Test_T4_Create_Event.java:58) ]
INFO: ================ Test_T4_Create_Event over ================ 
